This is pdfTeX, Version 3.141592653-2.6-1.40.24 (MiKTeX 22.3) (preloaded format=pdflatex 2022.6.18)  19 JUN 2022 22:07
entering extended mode
 restricted \write18 enabled.
 %&-line parsing enabled.
**./PlantillaPG.tex
(PlantillaPG.tex
LaTeX2e <2021-11-15> patch level 1
L3 programming layer <2022-02-24> (OtrosTex/Encabezado.tex
(C:\Users\jaith\AppData\Local\Programs\MiKTeX\tex/latex/koma-script\scrbook.cls
Document Class: scrbook 2022/05/01 v3.36 KOMA-Script document class (book)

(C:\Users\jaith\AppData\Local\Programs\MiKTeX\tex/latex/koma-script\scrkbase.st
y
Package: scrkbase 2022/05/01 v3.36 KOMA-Script package (KOMA-Script-dependent b
asics and keyval usage)

(C:\Users\jaith\AppData\Local\Programs\MiKTeX\tex/latex/koma-script\scrbase.sty
Package: scrbase 2022/05/01 v3.36 KOMA-Script package (KOMA-Script-independent 
basics and keyval usage)

(C:\Users\jaith\AppData\Local\Programs\MiKTeX\tex/latex/koma-script\scrlfile.st
y
Package: scrlfile 2022/05/01 v3.36 KOMA-Script package (file load hooks)

(C:\Users\jaith\AppData\Local\Programs\MiKTeX\tex/latex/koma-script\scrlfile-ho
ok.sty
Package: scrlfile-hook 2022/05/01 v3.36 KOMA-Script package (using LaTeX hooks)


(C:\Users\jaith\AppData\Local\Programs\MiKTeX\tex/latex/koma-script\scrlogo.sty
Package: scrlogo 2022/05/01 v3.36 KOMA-Script package (logo)
))) (C:\Users\jaith\AppData\Local\Programs\MiKTeX\tex/latex/graphics\keyval.sty
Package: keyval 2014/10/28 v1.15 key=value parser (DPC)
\KV@toks@=\toks16
)
Applying: [2021/05/01] Usage of raw or classic option list on input line 252.
Already applied: [0000/00/00] Usage of raw or classic option list on input line
 368.
))
(C:\Users\jaith\AppData\Local\Programs\MiKTeX\tex/latex/koma-script\tocbasic.st
y
Package: tocbasic 2022/05/01 v3.36 KOMA-Script package (handling toc-files)
\scr@dte@tocline@numberwidth=\skip47
\scr@dte@tocline@numbox=\box50
)
Package tocbasic Info: babel extension for `toc' omitted
(tocbasic)             because of missing \bbl@set@language on input line 137.
Package scrbook Info: You've used standard option `12pt'.
(scrbook)             This is correct!
(scrbook)             Internally I'm using `fontsize=12pt'.
(scrbook)             If you'd like to set the option with \KOMAoptions,
(scrbook)             you'd have to use `fontsize=12pt' there
(scrbook)             instead of `12pt', too.
Class scrbook Info: You've used standard option `openany'.
(scrbook)           This is correct!
(scrbook)           Internally I'm using `open=any'.
(scrbook)           If you'd like to set the option with \KOMAoptions,
(scrbook)           you'd have to use `open=any' there
(scrbook)           instead of `openany', too.
Class scrbook Info: File `scrsize12pt.clo' used to setup font sizes on input li
ne 2505.

(C:\Users\jaith\AppData\Local\Programs\MiKTeX\tex/latex/koma-script\scrsize12pt
.clo
File: scrsize12pt.clo 2022/05/01 v3.36 KOMA-Script font size class option (12pt
)
)
(C:\Users\jaith\AppData\Local\Programs\MiKTeX\tex/latex/koma-script\typearea.st
y
Package: typearea 2022/05/01 v3.36 KOMA-Script package (type area)
\ta@bcor=\skip48
\ta@div=\count185
Package typearea Info: You've used standard option `letterpaper'.
(typearea)             This is correct!
(typearea)             Internally I'm using `paper=letter'.
(typearea)             If you'd like to set the option with \KOMAoptions,
(typearea)             you'd have to use `paper=letter' there
(typearea)             instead of `letterpaper', too.
\ta@hblk=\skip49
\ta@vblk=\skip50
\ta@temp=\skip51
\footheight=\skip52
Package typearea Info: With paper sizes other than (almost) `A4' predefined
(typearea)             DIV values do not exist. Using DIV calculation for good
(typearea)             line width (unless using `version=3.24` or prior).

DIV calculation for typearea with good linewidth.
Package typearea Info: These are the values describing the layout:
(typearea)             DIV  = 8
(typearea)             BCOR = 0.0pt
(typearea)             \paperwidth      = 614.295pt
(typearea)              \textwidth      = 383.9344pt
(typearea)              DIV departure   = 1%
(typearea)              \evensidemargin = 81.30374pt
(typearea)              \oddsidemargin  = 4.51688pt
(typearea)             \paperheight     = 794.96999pt
(typearea)              \textheight     = 505.0pt
(typearea)              \topmargin      = -12.77374pt
(typearea)              \headheight     = 18.125pt
(typearea)              \headsep        = 21.75pt
(typearea)              \topskip        = 12.0pt
(typearea)              \footskip       = 50.75pt
(typearea)              \baselineskip   = 14.5pt
(typearea)              on input line 1744.
)
\c@part=\count186
\c@chapter=\count187
\c@section=\count188
\c@subsection=\count189
\c@subsubsection=\count190
\c@paragraph=\count191
\c@subparagraph=\count192
\scr@dte@chapter@maxnumwidth=\skip53
Class scrbook Info: using compatibility default `afterindent=bysign'
(scrbook)           for `\chapter on input line 5737.
\scr@dte@section@maxnumwidth=\skip54
Class scrbook Info: using compatibility default `runin=bysign'
(scrbook)           for `\section on input line 5748.
Class scrbook Info: using compatibility default `afterindent=bysign'
(scrbook)           for `\section on input line 5748.
\scr@dte@part@maxnumwidth=\skip55
Class scrbook Info: using compatibility default `afterindent=true'
(scrbook)           for `\part on input line 5757.
\scr@dte@subsection@maxnumwidth=\skip56
Class scrbook Info: using compatibility default `runin=bysign'
(scrbook)           for `\subsection on input line 5767.
Class scrbook Info: using compatibility default `afterindent=bysign'
(scrbook)           for `\subsection on input line 5767.
\scr@dte@subsubsection@maxnumwidth=\skip57
Class scrbook Info: using compatibility default `runin=bysign'
(scrbook)           for `\subsubsection on input line 5777.
Class scrbook Info: using compatibility default `afterindent=bysign'
(scrbook)           for `\subsubsection on input line 5777.
\scr@dte@paragraph@maxnumwidth=\skip58
Class scrbook Info: using compatibility default `runin=bysign'
(scrbook)           for `\paragraph on input line 5788.
Class scrbook Info: using compatibility default `afterindent=bysign'
(scrbook)           for `\paragraph on input line 5788.
\scr@dte@subparagraph@maxnumwidth=\skip59
Class scrbook Info: using compatibility default `runin=bysign'
(scrbook)           for `\subparagraph on input line 5798.
Class scrbook Info: using compatibility default `afterindent=bysign'
(scrbook)           for `\subparagraph on input line 5798.
\abovecaptionskip=\skip60
\belowcaptionskip=\skip61
\c@pti@nb@sid@b@x=\box51
Package tocbasic Info: babel extension for `lof' omitted
(tocbasic)             because of missing \bbl@set@language on input line 6967.

\scr@dte@figure@maxnumwidth=\skip62
\c@figure=\count193
Package tocbasic Info: babel extension for `lot' omitted
(tocbasic)             because of missing \bbl@set@language on input line 6984.

\scr@dte@table@maxnumwidth=\skip63
\c@table=\count194
Class scrbook Info: Redefining `\numberline' on input line 7155.
\bibindent=\dimen138
)
(C:\Users\jaith\AppData\Local\Programs\MiKTeX\tex/latex/multirow\bigstrut.sty
Package: bigstrut 2021/03/15 v2.8 Provide larger struts in tabulars
\bigstrutjot=\dimen139
)
(C:\Users\jaith\AppData\Local\Programs\MiKTeX\tex/latex/multirow\multirow.sty
Package: multirow 2021/03/15 v2.8 Span multiple rows of a table
\multirow@colwidth=\skip64
\multirow@cntb=\count195
\multirow@dima=\skip65
)
(C:\Users\jaith\AppData\Local\Programs\MiKTeX\tex/latex/xcolor\xcolor.sty
Package: xcolor 2021/10/31 v2.13 LaTeX color extensions (UK)

(C:\Users\jaith\AppData\Local\Programs\MiKTeX\tex/latex/graphics-cfg\color.cfg
File: color.cfg 2016/01/02 v1.6 sample color configuration
)
Package xcolor Info: Driver file: pdftex.def on input line 227.

(C:\Users\jaith\AppData\Local\Programs\MiKTeX\tex/latex/graphics-def\pdftex.def
File: pdftex.def 2020/10/05 v1.2a Graphics/color driver for pdftex
)
Package xcolor Info: Model `cmy' substituted by `cmy0' on input line 1352.
Package xcolor Info: Model `hsb' substituted by `rgb' on input line 1356.
Package xcolor Info: Model `RGB' extended on input line 1368.
Package xcolor Info: Model `HTML' substituted by `rgb' on input line 1370.
Package xcolor Info: Model `Hsb' substituted by `hsb' on input line 1371.
Package xcolor Info: Model `tHsb' substituted by `hsb' on input line 1372.
Package xcolor Info: Model `HSB' substituted by `hsb' on input line 1373.
Package xcolor Info: Model `Gray' substituted by `gray' on input line 1374.
Package xcolor Info: Model `wave' substituted by `hsb' on input line 1375.
) (C:\Users\jaith\AppData\Local\Programs\MiKTeX\tex/latex/natbib\natbib.sty
Package: natbib 2010/09/13 8.31b (PWD, AO)
\bibhang=\skip66
\bibsep=\skip67
LaTeX Info: Redefining \cite on input line 694.
\c@NAT@ctr=\count196
)
(C:\Users\jaith\AppData\Local\Programs\MiKTeX\tex/latex/graphics\epsfig.sty
Package: epsfig 2017/06/25 v1.7b (e)psfig emulation (SPQR)

(C:\Users\jaith\AppData\Local\Programs\MiKTeX\tex/latex/graphics\graphicx.sty
Package: graphicx 2021/09/16 v1.2d Enhanced LaTeX Graphics (DPC,SPQR)

(C:\Users\jaith\AppData\Local\Programs\MiKTeX\tex/latex/graphics\graphics.sty
Package: graphics 2021/03/04 v1.4d Standard LaTeX Graphics (DPC,SPQR)

(C:\Users\jaith\AppData\Local\Programs\MiKTeX\tex/latex/graphics\trig.sty
Package: trig 2021/08/11 v1.11 sin cos tan (DPC)
)
(C:\Users\jaith\AppData\Local\Programs\MiKTeX\tex/latex/graphics-cfg\graphics.c
fg
File: graphics.cfg 2016/06/04 v1.11 sample graphics configuration
)
Package graphics Info: Driver file: pdftex.def on input line 107.
)
\Gin@req@height=\dimen140
\Gin@req@width=\dimen141
)
\epsfxsize=\dimen142
\epsfysize=\dimen143
) (C:\Users\jaith\AppData\Local\Programs\MiKTeX\tex/latex/eepic\epic.sty
Enhancements to Picture Environment. Version 1.2 - Released June 1, 1986
\@@multicnt=\count197
\d@lta=\count198
\@delta=\dimen144
\@@delta=\dimen145
\@gridcnt=\count199
\@joinkind=\count266
\@dotgap=\dimen146
\@ddotgap=\dimen147
\@x@diff=\count267
\@y@diff=\count268
\x@diff=\dimen148
\y@diff=\dimen149
\@dotbox=\box52
\num@segments=\count269
\num@segmentsi=\count270
\@datafile=\read2
) (C:\Users\jaith\AppData\Local\Programs\MiKTeX\tex/latex/eepic\eepic.sty
Extension to Epic and LaTeX. Version 1.1e - Released Dec 21, 1999
\@gphlinewidth=\count271
\@eepictcnt=\count272
\@tempdimc=\dimen150
\maxovaldiam=\dimen151
\@filltype=\box53
) (C:\Users\jaith\AppData\Local\Programs\MiKTeX\tex/latex/amsmath\amsmath.sty
Package: amsmath 2021/10/15 v2.17l AMS math features
\@mathmargin=\skip68

For additional information on amsmath, use the `?' option.
(C:\Users\jaith\AppData\Local\Programs\MiKTeX\tex/latex/amsmath\amstext.sty
Package: amstext 2021/08/26 v2.01 AMS text

(C:\Users\jaith\AppData\Local\Programs\MiKTeX\tex/latex/amsmath\amsgen.sty
File: amsgen.sty 1999/11/30 v2.0 generic functions
\@emptytoks=\toks17
\ex@=\dimen152
))
(C:\Users\jaith\AppData\Local\Programs\MiKTeX\tex/latex/amsmath\amsbsy.sty
Package: amsbsy 1999/11/29 v1.2d Bold Symbols
\pmbraise@=\dimen153
)
(C:\Users\jaith\AppData\Local\Programs\MiKTeX\tex/latex/amsmath\amsopn.sty
Package: amsopn 2021/08/26 v2.02 operator names
)
\inf@bad=\count273
LaTeX Info: Redefining \frac on input line 234.
\uproot@=\count274
\leftroot@=\count275
LaTeX Info: Redefining \overline on input line 399.
\classnum@=\count276
\DOTSCASE@=\count277
LaTeX Info: Redefining \ldots on input line 496.
LaTeX Info: Redefining \dots on input line 499.
LaTeX Info: Redefining \cdots on input line 620.
\Mathstrutbox@=\box54
\strutbox@=\box55
\big@size=\dimen154
LaTeX Font Info:    Redeclaring font encoding OML on input line 743.
LaTeX Font Info:    Redeclaring font encoding OMS on input line 744.
\macc@depth=\count278
\c@MaxMatrixCols=\count279
\dotsspace@=\muskip16
\c@parentequation=\count280
\dspbrk@lvl=\count281
\tag@help=\toks18
\row@=\count282
\column@=\count283
\maxfields@=\count284
\andhelp@=\toks19
\eqnshift@=\dimen155
\alignsep@=\dimen156
\tagshift@=\dimen157
\tagwidth@=\dimen158
\totwidth@=\dimen159
\lineht@=\dimen160
\@envbody=\toks20
\multlinegap=\skip69
\multlinetaggap=\skip70
\mathdisplay@stack=\toks21
LaTeX Info: Redefining \[ on input line 2938.
LaTeX Info: Redefining \] on input line 2939.
)
(C:\Users\jaith\AppData\Local\Programs\MiKTeX\tex/latex/threeparttable\threepar
ttable.sty
Package: threeparttable 2003/06/13  v 3.0
\@tempboxb=\box56
)
(C:\Users\jaith\AppData\Local\Programs\MiKTeX\tex/latex/amsmath\amscd.sty
Package: amscd 2017/04/14 v2.1 AMS Commutative Diagrams
\athelp@=\toks22
\minaw@=\dimen161
\bigaw@=\dimen162
\minCDarrowwidth=\dimen163
)
(C:\Users\jaith\AppData\Local\Programs\MiKTeX\tex/latex/here\here.sty)
(C:\Users\jaith\AppData\Local\Programs\MiKTeX\tex/latex/float\float.sty
Package: float 2001/11/08 v1.3d Float enhancements (AL)
\c@float@type=\count285
\float@exts=\toks23
\float@box=\box57
\@float@everytoks=\toks24
\@floatcapt=\box58
)
(C:\Users\jaith\AppData\Local\Programs\MiKTeX\tex/latex/graphics\lscape.sty
Package: lscape 2020/05/28 v3.02 Landscape Pages (DPC)
)
(C:\Users\jaith\AppData\Local\Programs\MiKTeX\tex/latex/tools\tabularx.sty
Package: tabularx 2020/01/15 v2.11c `tabularx' package (DPC)

(C:\Users\jaith\AppData\Local\Programs\MiKTeX\tex/latex/tools\array.sty
Package: array 2021/10/04 v2.5f Tabular extension package (FMi)
\col@sep=\dimen164
\ar@mcellbox=\box59
\extrarowheight=\dimen165
\NC@list=\toks25
\extratabsurround=\skip71
\backup@length=\skip72
\ar@cellbox=\box60
)
\TX@col@width=\dimen166
\TX@old@table=\dimen167
\TX@old@col=\dimen168
\TX@target=\dimen169
\TX@delta=\dimen170
\TX@cols=\count286
\TX@ftn=\toks26
)
(C:\Users\jaith\AppData\Local\Programs\MiKTeX\tex/latex/tools\longtable.sty
Package: longtable 2021-09-01 v4.17 Multi-page Table package (DPC)
\LTleft=\skip73
\LTright=\skip74
\LTpre=\skip75
\LTpost=\skip76
\LTchunksize=\count287
\LTcapwidth=\dimen171
\LT@head=\box61
\LT@firsthead=\box62
\LT@foot=\box63
\LT@lastfoot=\box64
\LT@gbox=\box65
\LT@cols=\count288
\LT@rows=\count289
\c@LT@tables=\count290
\c@LT@chunks=\count291
\LT@p@ftn=\toks27
)
Class scrbook Info: longtable captions redefined on input line 23.

(C:\Users\jaith\AppData\Local\Programs\MiKTeX\tex/latex/base\inputenc.sty
Package: inputenc 2021/02/14 v1.3d Input encoding file
\inpenc@prehook=\toks28
\inpenc@posthook=\toks29
)
(C:\Users\jaith\AppData\Local\Programs\MiKTeX\tex/generic/babel\babel.sty
Package: babel 2022/02/26 3.73 The Babel package
\babel@savecnt=\count292
\U@D=\dimen172
\l@unhyphenated=\language79

(C:\Users\jaith\AppData\Local\Programs\MiKTeX\tex/generic/babel\txtbabel.def)
\bbl@readstream=\read3
\bbl@dirlevel=\count293

*************************************
* Local config file bblopts.cfg used
*
(C:\Users\jaith\AppData\Local\Programs\MiKTeX\tex/latex/arabi\bblopts.cfg
File: bblopts.cfg 2005/09/08 v0.1 add Arabic and Farsi to "declared" options of
 babel
)
(C:\Users\jaith\AppData\Local\Programs\MiKTeX\tex/latex/babel-spanish\spanish.l
df
Language: spanish.ldf 2021/05/27 v5.0q Spanish support from the babel system
\es@quottoks=\toks30
\es@quotdepth=\count294
Package babel Info: Making " an active character on input line 570.
Package babel Info: Making . an active character on input line 675.
Package babel Info: Making < an active character on input line 722.
Package babel Info: Making > an active character on input line 722.
))

Class scrbook Warning: Usage of package `fancyhdr' together
(scrbook)              with a KOMA-Script class is not recommended.
(scrbook)              I'd suggest to use 
(scrbook)              package `scrlayer' or `scrlayer-scrpage', because
(scrbook)              they support KOMA-Script classes.
(scrbook)              With `fancyhdr' several features of class `scrbook'
(scrbook)              like options `headsepline', `footsepline' or command
(scrbook)              `\MakeMarkcase' and the commands `\setkomafont' and
(scrbook)              `\addtokomafont' for the page style elements need
(scrbook)              explicite user intervention to work.
(scrbook)              Nevertheless, using requested
(scrbook)              package `fancyhdr' on input line 27.

(C:\Users\jaith\AppData\Local\Programs\MiKTeX\tex/latex/fancyhdr\fancyhdr.sty
Package: fancyhdr 2022/05/18 v4.0.3 Extensive control of page headers and foote
rs
\f@nch@headwidth=\skip77
\f@nch@O@elh=\skip78
\f@nch@O@erh=\skip79
\f@nch@O@olh=\skip80
\f@nch@O@orh=\skip81
\f@nch@O@elf=\skip82
\f@nch@O@erf=\skip83
\f@nch@O@olf=\skip84
\f@nch@O@orf=\skip85
)
(C:\Users\jaith\AppData\Local\Programs\MiKTeX\tex/latex/hyperref\hyperref.sty
Package: hyperref 2022-02-21 v7.00n Hypertext links for LaTeX

(C:\Users\jaith\AppData\Local\Programs\MiKTeX\tex/generic/ltxcmds\ltxcmds.sty
Package: ltxcmds 2020-05-10 v1.25 LaTeX kernel commands for general use (HO)
)
(C:\Users\jaith\AppData\Local\Programs\MiKTeX\tex/generic/iftex\iftex.sty
Package: iftex 2022/02/03 v1.0f TeX engine tests
)
(C:\Users\jaith\AppData\Local\Programs\MiKTeX\tex/generic/pdftexcmds\pdftexcmds
.sty
Package: pdftexcmds 2020-06-27 v0.33 Utility functions of pdfTeX for LuaTeX (HO
)

(C:\Users\jaith\AppData\Local\Programs\MiKTeX\tex/generic/infwarerr\infwarerr.s
ty
Package: infwarerr 2019/12/03 v1.5 Providing info/warning/error messages (HO)
)
Package pdftexcmds Info: \pdf@primitive is available.
Package pdftexcmds Info: \pdf@ifprimitive is available.
Package pdftexcmds Info: \pdfdraftmode found.
)
(C:\Users\jaith\AppData\Local\Programs\MiKTeX\tex/generic/kvsetkeys\kvsetkeys.s
ty
Package: kvsetkeys 2019/12/15 v1.18 Key value parser (HO)
)
(C:\Users\jaith\AppData\Local\Programs\MiKTeX\tex/generic/kvdefinekeys\kvdefine
keys.sty
Package: kvdefinekeys 2019-12-19 v1.6 Define keys (HO)
)
(C:\Users\jaith\AppData\Local\Programs\MiKTeX\tex/generic/pdfescape\pdfescape.s
ty
Package: pdfescape 2019/12/09 v1.15 Implements pdfTeX's escape features (HO)
) (C:\Users\jaith\AppData\Local\Programs\MiKTeX\tex/latex/hycolor\hycolor.sty
Package: hycolor 2020-01-27 v1.10 Color options for hyperref/bookmark (HO)
)
(C:\Users\jaith\AppData\Local\Programs\MiKTeX\tex/latex/letltxmacro\letltxmacro
.sty
Package: letltxmacro 2019/12/03 v1.6 Let assignment for LaTeX macros (HO)
)
(C:\Users\jaith\AppData\Local\Programs\MiKTeX\tex/latex/auxhook\auxhook.sty
Package: auxhook 2019-12-17 v1.6 Hooks for auxiliary files (HO)
)
(C:\Users\jaith\AppData\Local\Programs\MiKTeX\tex/latex/kvoptions\kvoptions.sty
Package: kvoptions 2020-10-07 v3.14 Key value format for package options (HO)
)
\@linkdim=\dimen173
\Hy@linkcounter=\count295
\Hy@pagecounter=\count296
 (C:\Users\jaith\AppData\Local\Programs\MiKTeX\tex/latex/hyperref\pd1enc.def
File: pd1enc.def 2022-02-21 v7.00n Hyperref: PDFDocEncoding definition (HO)
Now handling font encoding PD1 ...
... no UTF-8 mapping file for font encoding PD1
)
(C:\Users\jaith\AppData\Local\Programs\MiKTeX\tex/generic/intcalc\intcalc.sty
Package: intcalc 2019/12/15 v1.3 Expandable calculations with integers (HO)
)
(C:\Users\jaith\AppData\Local\Programs\MiKTeX\tex/generic/etexcmds\etexcmds.sty
Package: etexcmds 2019/12/15 v1.7 Avoid name clashes with e-TeX commands (HO)
)
\Hy@SavedSpaceFactor=\count297
 (C:\Users\jaith\AppData\Local\Programs\MiKTeX\tex/latex/hyperref\puenc.def
File: puenc.def 2022-02-21 v7.00n Hyperref: PDF Unicode definition (HO)
Now handling font encoding PU ...
... no UTF-8 mapping file for font encoding PU
)
Package hyperref Info: Hyper figures OFF on input line 4137.
Package hyperref Info: Link nesting OFF on input line 4142.
Package hyperref Info: Hyper index ON on input line 4145.
Package hyperref Info: Plain pages OFF on input line 4152.
Package hyperref Info: Backreferencing OFF on input line 4157.
Package hyperref Info: Implicit mode ON; LaTeX internals redefined.
Package hyperref Info: Bookmarks ON on input line 4390.
\c@Hy@tempcnt=\count298

(C:\Users\jaith\AppData\Local\Programs\MiKTeX\tex/latex/url\url.sty
\Urlmuskip=\muskip17
Package: url 2013/09/16  ver 3.4  Verb mode for urls, etc.
)
LaTeX Info: Redefining \url on input line 4749.
\XeTeXLinkMargin=\dimen174

(C:\Users\jaith\AppData\Local\Programs\MiKTeX\tex/generic/bitset\bitset.sty
Package: bitset 2019/12/09 v1.3 Handle bit-vector datatype (HO)

(C:\Users\jaith\AppData\Local\Programs\MiKTeX\tex/generic/bigintcalc\bigintcalc
.sty
Package: bigintcalc 2019/12/15 v1.5 Expandable calculations on big integers (HO
)
))
\Fld@menulength=\count299
\Field@Width=\dimen175
\Fld@charsize=\dimen176
Package hyperref Info: Hyper figures OFF on input line 6027.
Package hyperref Info: Link nesting OFF on input line 6032.
Package hyperref Info: Hyper index ON on input line 6035.
Package hyperref Info: backreferencing OFF on input line 6042.
Package hyperref Info: Link coloring OFF on input line 6047.
Package hyperref Info: Link coloring with OCG OFF on input line 6052.
Package hyperref Info: PDF/A mode OFF on input line 6057.
LaTeX Info: Redefining \ref on input line 6097.
LaTeX Info: Redefining \pageref on input line 6101.

(C:\Users\jaith\AppData\Local\Programs\MiKTeX\tex/latex/base\atbegshi-ltx.sty
Package: atbegshi-ltx 2021/01/10 v1.0c Emulation of the original atbegshi
package with kernel methods
)
\Hy@abspage=\count300
\c@Item=\count301
\c@Hfootnote=\count302
)
Package hyperref Info: Driver (autodetected): hpdftex.
(C:\Users\jaith\AppData\Local\Programs\MiKTeX\tex/latex/hyperref\hpdftex.def
File: hpdftex.def 2022-02-21 v7.00n Hyperref driver for pdfTeX

(C:\Users\jaith\AppData\Local\Programs\MiKTeX\tex/latex/base\atveryend-ltx.sty
Package: atveryend-ltx 2020/08/19 v1.0a Emulation of the original atveryend pac
kage
with kernel methods
)
\Fld@listcount=\count303
\c@bookmark@seq@number=\count304

(C:\Users\jaith\AppData\Local\Programs\MiKTeX\tex/latex/rerunfilecheck\rerunfil
echeck.sty
Package: rerunfilecheck 2019/12/05 v1.9 Rerun checks for auxiliary files (HO)

(C:\Users\jaith\AppData\Local\Programs\MiKTeX\tex/generic/uniquecounter\uniquec
ounter.sty
Package: uniquecounter 2019/12/15 v1.4 Provide unlimited unique counter (HO)
)
Package uniquecounter Info: New unique counter `rerunfilecheck' on input line 2
86.
)
\Hy@SectionHShift=\skip86
)
(C:\Users\jaith\AppData\Local\Programs\MiKTeX\tex/latex/pgfgantt\pgfgantt.sty
Package: pgfgantt 2018/01/10 v5.0 Draw Gantt diagrams with TikZ

(C:\Users\jaith\AppData\Local\Programs\MiKTeX\tex/latex/pgf/frontendlayer\tikz.
sty
(C:\Users\jaith\AppData\Local\Programs\MiKTeX\tex/latex/pgf/basiclayer\pgf.sty
(C:\Users\jaith\AppData\Local\Programs\MiKTeX\tex/latex/pgf/utilities\pgfrcs.st
y
(C:\Users\jaith\AppData\Local\Programs\MiKTeX\tex/generic/pgf/utilities\pgfutil
-common.tex
\pgfutil@everybye=\toks31
\pgfutil@tempdima=\dimen177
\pgfutil@tempdimb=\dimen178

(C:\Users\jaith\AppData\Local\Programs\MiKTeX\tex/generic/pgf/utilities\pgfutil
-common-lists.tex))
(C:\Users\jaith\AppData\Local\Programs\MiKTeX\tex/generic/pgf/utilities\pgfutil
-latex.def
\pgfutil@abb=\box66
)
(C:\Users\jaith\AppData\Local\Programs\MiKTeX\tex/generic/pgf/utilities\pgfrcs.
code.tex
(C:\Users\jaith\AppData\Local\Programs\MiKTeX\tex/generic/pgf\pgf.revision.tex)
Package: pgfrcs 2021/05/15 v3.1.9a (3.1.9a)
))
Package: pgf 2021/05/15 v3.1.9a (3.1.9a)

(C:\Users\jaith\AppData\Local\Programs\MiKTeX\tex/latex/pgf/basiclayer\pgfcore.
sty
(C:\Users\jaith\AppData\Local\Programs\MiKTeX\tex/latex/pgf/systemlayer\pgfsys.
sty
(C:\Users\jaith\AppData\Local\Programs\MiKTeX\tex/generic/pgf/systemlayer\pgfsy
s.code.tex
Package: pgfsys 2021/05/15 v3.1.9a (3.1.9a)

(C:\Users\jaith\AppData\Local\Programs\MiKTeX\tex/generic/pgf/utilities\pgfkeys
.code.tex
\pgfkeys@pathtoks=\toks32
\pgfkeys@temptoks=\toks33

(C:\Users\jaith\AppData\Local\Programs\MiKTeX\tex/generic/pgf/utilities\pgfkeys
filtered.code.tex
\pgfkeys@tmptoks=\toks34
))
\pgf@x=\dimen179
\pgf@y=\dimen180
\pgf@xa=\dimen181
\pgf@ya=\dimen182
\pgf@xb=\dimen183
\pgf@yb=\dimen184
\pgf@xc=\dimen185
\pgf@yc=\dimen186
\pgf@xd=\dimen187
\pgf@yd=\dimen188
\w@pgf@writea=\write3
\r@pgf@reada=\read4
\c@pgf@counta=\count305
\c@pgf@countb=\count306
\c@pgf@countc=\count307
\c@pgf@countd=\count308
\t@pgf@toka=\toks35
\t@pgf@tokb=\toks36
\t@pgf@tokc=\toks37
\pgf@sys@id@count=\count309

(C:\Users\jaith\AppData\Local\Programs\MiKTeX\tex/generic/pgf/systemlayer\pgf.c
fg
File: pgf.cfg 2021/05/15 v3.1.9a (3.1.9a)
)
Driver file for pgf: pgfsys-pdftex.def

(C:\Users\jaith\AppData\Local\Programs\MiKTeX\tex/generic/pgf/systemlayer\pgfsy
s-pdftex.def
File: pgfsys-pdftex.def 2021/05/15 v3.1.9a (3.1.9a)

(C:\Users\jaith\AppData\Local\Programs\MiKTeX\tex/generic/pgf/systemlayer\pgfsy
s-common-pdf.def
File: pgfsys-common-pdf.def 2021/05/15 v3.1.9a (3.1.9a)
)))
(C:\Users\jaith\AppData\Local\Programs\MiKTeX\tex/generic/pgf/systemlayer\pgfsy
ssoftpath.code.tex
File: pgfsyssoftpath.code.tex 2021/05/15 v3.1.9a (3.1.9a)
\pgfsyssoftpath@smallbuffer@items=\count310
\pgfsyssoftpath@bigbuffer@items=\count311
)
(C:\Users\jaith\AppData\Local\Programs\MiKTeX\tex/generic/pgf/systemlayer\pgfsy
sprotocol.code.tex
File: pgfsysprotocol.code.tex 2021/05/15 v3.1.9a (3.1.9a)
))
(C:\Users\jaith\AppData\Local\Programs\MiKTeX\tex/generic/pgf/basiclayer\pgfcor
e.code.tex
Package: pgfcore 2021/05/15 v3.1.9a (3.1.9a)

(C:\Users\jaith\AppData\Local\Programs\MiKTeX\tex/generic/pgf/math\pgfmath.code
.tex
(C:\Users\jaith\AppData\Local\Programs\MiKTeX\tex/generic/pgf/math\pgfmathcalc.
code.tex
(C:\Users\jaith\AppData\Local\Programs\MiKTeX\tex/generic/pgf/math\pgfmathutil.
code.tex)
(C:\Users\jaith\AppData\Local\Programs\MiKTeX\tex/generic/pgf/math\pgfmathparse
r.code.tex
\pgfmath@dimen=\dimen189
\pgfmath@count=\count312
\pgfmath@box=\box67
\pgfmath@toks=\toks38
\pgfmath@stack@operand=\toks39
\pgfmath@stack@operation=\toks40
)
(C:\Users\jaith\AppData\Local\Programs\MiKTeX\tex/generic/pgf/math\pgfmathfunct
ions.code.tex
(C:\Users\jaith\AppData\Local\Programs\MiKTeX\tex/generic/pgf/math\pgfmathfunct
ions.basic.code.tex)
(C:\Users\jaith\AppData\Local\Programs\MiKTeX\tex/generic/pgf/math\pgfmathfunct
ions.trigonometric.code.tex)
(C:\Users\jaith\AppData\Local\Programs\MiKTeX\tex/generic/pgf/math\pgfmathfunct
ions.random.code.tex)
(C:\Users\jaith\AppData\Local\Programs\MiKTeX\tex/generic/pgf/math\pgfmathfunct
ions.comparison.code.tex)
(C:\Users\jaith\AppData\Local\Programs\MiKTeX\tex/generic/pgf/math\pgfmathfunct
ions.base.code.tex)
(C:\Users\jaith\AppData\Local\Programs\MiKTeX\tex/generic/pgf/math\pgfmathfunct
ions.round.code.tex)
(C:\Users\jaith\AppData\Local\Programs\MiKTeX\tex/generic/pgf/math\pgfmathfunct
ions.misc.code.tex)
(C:\Users\jaith\AppData\Local\Programs\MiKTeX\tex/generic/pgf/math\pgfmathfunct
ions.integerarithmetics.code.tex)))
(C:\Users\jaith\AppData\Local\Programs\MiKTeX\tex/generic/pgf/math\pgfmathfloat
.code.tex
\c@pgfmathroundto@lastzeros=\count313
))
(C:\Users\jaith\AppData\Local\Programs\MiKTeX\tex/generic/pgf/math\pgfint.code.
tex)
(C:\Users\jaith\AppData\Local\Programs\MiKTeX\tex/generic/pgf/basiclayer\pgfcor
epoints.code.tex
File: pgfcorepoints.code.tex 2021/05/15 v3.1.9a (3.1.9a)
\pgf@picminx=\dimen190
\pgf@picmaxx=\dimen191
\pgf@picminy=\dimen192
\pgf@picmaxy=\dimen193
\pgf@pathminx=\dimen194
\pgf@pathmaxx=\dimen195
\pgf@pathminy=\dimen196
\pgf@pathmaxy=\dimen197
\pgf@xx=\dimen198
\pgf@xy=\dimen199
\pgf@yx=\dimen256
\pgf@yy=\dimen257
\pgf@zx=\dimen258
\pgf@zy=\dimen259
)
(C:\Users\jaith\AppData\Local\Programs\MiKTeX\tex/generic/pgf/basiclayer\pgfcor
epathconstruct.code.tex
File: pgfcorepathconstruct.code.tex 2021/05/15 v3.1.9a (3.1.9a)
\pgf@path@lastx=\dimen260
\pgf@path@lasty=\dimen261
)
(C:\Users\jaith\AppData\Local\Programs\MiKTeX\tex/generic/pgf/basiclayer\pgfcor
epathusage.code.tex
File: pgfcorepathusage.code.tex 2021/05/15 v3.1.9a (3.1.9a)
\pgf@shorten@end@additional=\dimen262
\pgf@shorten@start@additional=\dimen263
)
(C:\Users\jaith\AppData\Local\Programs\MiKTeX\tex/generic/pgf/basiclayer\pgfcor
escopes.code.tex
File: pgfcorescopes.code.tex 2021/05/15 v3.1.9a (3.1.9a)
\pgfpic=\box68
\pgf@hbox=\box69
\pgf@layerbox@main=\box70
\pgf@picture@serial@count=\count314
)
(C:\Users\jaith\AppData\Local\Programs\MiKTeX\tex/generic/pgf/basiclayer\pgfcor
egraphicstate.code.tex
File: pgfcoregraphicstate.code.tex 2021/05/15 v3.1.9a (3.1.9a)
\pgflinewidth=\dimen264
)
(C:\Users\jaith\AppData\Local\Programs\MiKTeX\tex/generic/pgf/basiclayer\pgfcor
etransformations.code.tex
File: pgfcoretransformations.code.tex 2021/05/15 v3.1.9a (3.1.9a)
\pgf@pt@x=\dimen265
\pgf@pt@y=\dimen266
\pgf@pt@temp=\dimen267
)
(C:\Users\jaith\AppData\Local\Programs\MiKTeX\tex/generic/pgf/basiclayer\pgfcor
equick.code.tex
File: pgfcorequick.code.tex 2021/05/15 v3.1.9a (3.1.9a)
)
(C:\Users\jaith\AppData\Local\Programs\MiKTeX\tex/generic/pgf/basiclayer\pgfcor
eobjects.code.tex
File: pgfcoreobjects.code.tex 2021/05/15 v3.1.9a (3.1.9a)
)
(C:\Users\jaith\AppData\Local\Programs\MiKTeX\tex/generic/pgf/basiclayer\pgfcor
epathprocessing.code.tex
File: pgfcorepathprocessing.code.tex 2021/05/15 v3.1.9a (3.1.9a)
)
(C:\Users\jaith\AppData\Local\Programs\MiKTeX\tex/generic/pgf/basiclayer\pgfcor
earrows.code.tex
File: pgfcorearrows.code.tex 2021/05/15 v3.1.9a (3.1.9a)
\pgfarrowsep=\dimen268
)
(C:\Users\jaith\AppData\Local\Programs\MiKTeX\tex/generic/pgf/basiclayer\pgfcor
eshade.code.tex
File: pgfcoreshade.code.tex 2021/05/15 v3.1.9a (3.1.9a)
\pgf@max=\dimen269
\pgf@sys@shading@range@num=\count315
\pgf@shadingcount=\count316
)
(C:\Users\jaith\AppData\Local\Programs\MiKTeX\tex/generic/pgf/basiclayer\pgfcor
eimage.code.tex
File: pgfcoreimage.code.tex 2021/05/15 v3.1.9a (3.1.9a)

(C:\Users\jaith\AppData\Local\Programs\MiKTeX\tex/generic/pgf/basiclayer\pgfcor
eexternal.code.tex
File: pgfcoreexternal.code.tex 2021/05/15 v3.1.9a (3.1.9a)
\pgfexternal@startupbox=\box71
))
(C:\Users\jaith\AppData\Local\Programs\MiKTeX\tex/generic/pgf/basiclayer\pgfcor
elayers.code.tex
File: pgfcorelayers.code.tex 2021/05/15 v3.1.9a (3.1.9a)
)
(C:\Users\jaith\AppData\Local\Programs\MiKTeX\tex/generic/pgf/basiclayer\pgfcor
etransparency.code.tex
File: pgfcoretransparency.code.tex 2021/05/15 v3.1.9a (3.1.9a)
)
(C:\Users\jaith\AppData\Local\Programs\MiKTeX\tex/generic/pgf/basiclayer\pgfcor
epatterns.code.tex
File: pgfcorepatterns.code.tex 2021/05/15 v3.1.9a (3.1.9a)
)
(C:\Users\jaith\AppData\Local\Programs\MiKTeX\tex/generic/pgf/basiclayer\pgfcor
erdf.code.tex
File: pgfcorerdf.code.tex 2021/05/15 v3.1.9a (3.1.9a)
)))
(C:\Users\jaith\AppData\Local\Programs\MiKTeX\tex/generic/pgf/modules\pgfmodule
shapes.code.tex
File: pgfmoduleshapes.code.tex 2021/05/15 v3.1.9a (3.1.9a)
\pgfnodeparttextbox=\box72
)
(C:\Users\jaith\AppData\Local\Programs\MiKTeX\tex/generic/pgf/modules\pgfmodule
plot.code.tex
File: pgfmoduleplot.code.tex 2021/05/15 v3.1.9a (3.1.9a)
)
(C:\Users\jaith\AppData\Local\Programs\MiKTeX\tex/latex/pgf/compatibility\pgfco
mp-version-0-65.sty
Package: pgfcomp-version-0-65 2021/05/15 v3.1.9a (3.1.9a)
\pgf@nodesepstart=\dimen270
\pgf@nodesepend=\dimen271
)
(C:\Users\jaith\AppData\Local\Programs\MiKTeX\tex/latex/pgf/compatibility\pgfco
mp-version-1-18.sty
Package: pgfcomp-version-1-18 2021/05/15 v3.1.9a (3.1.9a)
))
(C:\Users\jaith\AppData\Local\Programs\MiKTeX\tex/latex/pgf/utilities\pgffor.st
y
(C:\Users\jaith\AppData\Local\Programs\MiKTeX\tex/latex/pgf/utilities\pgfkeys.s
ty
(C:\Users\jaith\AppData\Local\Programs\MiKTeX\tex/generic/pgf/utilities\pgfkeys
.code.tex))
(C:\Users\jaith\AppData\Local\Programs\MiKTeX\tex/latex/pgf/math\pgfmath.sty
(C:\Users\jaith\AppData\Local\Programs\MiKTeX\tex/generic/pgf/math\pgfmath.code
.tex))
(C:\Users\jaith\AppData\Local\Programs\MiKTeX\tex/generic/pgf/utilities\pgffor.
code.tex
Package: pgffor 2021/05/15 v3.1.9a (3.1.9a)

(C:\Users\jaith\AppData\Local\Programs\MiKTeX\tex/generic/pgf/math\pgfmath.code
.tex)
\pgffor@iter=\dimen272
\pgffor@skip=\dimen273
\pgffor@stack=\toks41
\pgffor@toks=\toks42
))
(C:\Users\jaith\AppData\Local\Programs\MiKTeX\tex/generic/pgf/frontendlayer/tik
z\tikz.code.tex
Package: tikz 2021/05/15 v3.1.9a (3.1.9a)

(C:\Users\jaith\AppData\Local\Programs\MiKTeX\tex/generic/pgf/libraries\pgflibr
aryplothandlers.code.tex
File: pgflibraryplothandlers.code.tex 2021/05/15 v3.1.9a (3.1.9a)
\pgf@plot@mark@count=\count317
\pgfplotmarksize=\dimen274
)
\tikz@lastx=\dimen275
\tikz@lasty=\dimen276
\tikz@lastxsaved=\dimen277
\tikz@lastysaved=\dimen278
\tikz@lastmovetox=\dimen279
\tikz@lastmovetoy=\dimen280
\tikzleveldistance=\dimen281
\tikzsiblingdistance=\dimen282
\tikz@figbox=\box73
\tikz@figbox@bg=\box74
\tikz@tempbox=\box75
\tikz@tempbox@bg=\box76
\tikztreelevel=\count318
\tikznumberofchildren=\count319
\tikznumberofcurrentchild=\count320
\tikz@fig@count=\count321

(C:\Users\jaith\AppData\Local\Programs\MiKTeX\tex/generic/pgf/modules\pgfmodule
matrix.code.tex
File: pgfmodulematrix.code.tex 2021/05/15 v3.1.9a (3.1.9a)
\pgfmatrixcurrentrow=\count322
\pgfmatrixcurrentcolumn=\count323
\pgf@matrix@numberofcolumns=\count324
)
\tikz@expandcount=\count325

(C:\Users\jaith\AppData\Local\Programs\MiKTeX\tex/generic/pgf/frontendlayer/tik
z/libraries\tikzlibrarytopaths.code.tex
File: tikzlibrarytopaths.code.tex 2021/05/15 v3.1.9a (3.1.9a)
)))
(C:\Users\jaith\AppData\Local\Programs\MiKTeX\tex/generic/pgf/frontendlayer/tik
z/libraries\tikzlibraryarrows.code.tex
File: tikzlibraryarrows.code.tex 2021/05/15 v3.1.9a (3.1.9a)

(C:\Users\jaith\AppData\Local\Programs\MiKTeX\tex/generic/pgf/libraries\pgflibr
aryarrows.code.tex
File: pgflibraryarrows.code.tex 2021/05/15 v3.1.9a (3.1.9a)
\arrowsize=\dimen283
))
(C:\Users\jaith\AppData\Local\Programs\MiKTeX\tex/generic/pgf/frontendlayer/tik
z/libraries\tikzlibrarybackgrounds.code.tex
File: tikzlibrarybackgrounds.code.tex 2021/05/15 v3.1.9a (3.1.9a)
\pgf@layerbox@background=\box77
\pgf@layerboxsaved@background=\box78
)
(C:\Users\jaith\AppData\Local\Programs\MiKTeX\tex/generic/pgf/frontendlayer/tik
z/libraries\tikzlibrarycalc.code.tex
File: tikzlibrarycalc.code.tex 2021/05/15 v3.1.9a (3.1.9a)
)
(C:\Users\jaith\AppData\Local\Programs\MiKTeX\tex/generic/pgf/frontendlayer/tik
z/libraries\tikzlibrarypatterns.code.tex
File: tikzlibrarypatterns.code.tex 2021/05/15 v3.1.9a (3.1.9a)

(C:\Users\jaith\AppData\Local\Programs\MiKTeX\tex/generic/pgf/libraries\pgflibr
arypatterns.code.tex
File: pgflibrarypatterns.code.tex 2021/05/15 v3.1.9a (3.1.9a)
))
(C:\Users\jaith\AppData\Local\Programs\MiKTeX\tex/generic/pgf/frontendlayer/tik
z/libraries\tikzlibrarypositioning.code.tex
File: tikzlibrarypositioning.code.tex 2021/05/15 v3.1.9a (3.1.9a)
)
(C:\Users\jaith\AppData\Local\Programs\MiKTeX\tex/generic/pgf/frontendlayer/tik
z/libraries\tikzlibraryshapes.geometric.code.tex
File: tikzlibraryshapes.geometric.code.tex 2021/05/15 v3.1.9a (3.1.9a)

(C:\Users\jaith\AppData\Local\Programs\MiKTeX\tex/generic/pgf/libraries/shapes\
pgflibraryshapes.geometric.code.tex
File: pgflibraryshapes.geometric.code.tex 2021/05/15 v3.1.9a (3.1.9a)
))
(C:\Users\jaith\AppData\Local\Programs\MiKTeX\tex/latex/pgf/utilities\pgfcalend
ar.sty
(C:\Users\jaith\AppData\Local\Programs\MiKTeX\tex/generic/pgf/utilities\pgfcale
ndar.code.tex
File: pgfcalendar.code.tex 2021/05/15 v3.1.9a (3.1.9a)

(C:\Users\jaith\AppData\Local\Programs\MiKTeX\tex/generic/pgf/math\pgfint.code.
tex)
\pgfcalendarcurrentjulian=\count326
\pgf@cal@easter@Y=\count327
\pgf@cal@easter@G=\count328
\pgf@cal@easter@C=\count329
\pgf@cal@easter@X=\count330
\pgf@cal@easter@Z=\count331
\pgf@cal@easter@D=\count332
\pgf@cal@easter@E=\count333
\pgf@cal@easter@N=\count334
\pgf@cal@easter@M=\count335
\pgf@cal@easter@julianday=\count336
))
\gtt@currentline=\count337
\gtt@lasttitleline=\count338
\gtt@currgrid=\count339
\gtt@chartwidth=\count340
\gtt@lasttitleslot=\count341
\gtt@elementid=\count342
\gtt@today@slot=\count343
\gtt@startjulian=\count344
\gtt@endjulian=\count345
\gtt@chartid=\count346
\gtt@vrule@slot=\count347
\gtt@calendar@slots=\count348
\gtt@calendar@weeknumber=\count349
\gtt@calendar@startofweek=\count350
\gtt@left@slot=\count351
\gtt@right@slot=\count352
)
Package hyperref Info: Option `colorlinks' set `true' on input line 30.

(C:\Users\jaith\AppData\Local\Programs\MiKTeX\tex/latex/epstopdf-pkg\epstopdf.s
ty
Package: epstopdf 2020-01-24 v2.11 Conversion with epstopdf on the fly (HO)
 (C:\Users\jaith\AppData\Local\Programs\MiKTeX\tex/latex/grfext\grfext.sty
Package: grfext 2019/12/03 v1.3 Manage graphics extensions (HO)
)
(C:\Users\jaith\AppData\Local\Programs\MiKTeX\tex/latex/epstopdf-pkg\epstopdf-b
ase.sty
Package: epstopdf-base 2020-01-24 v2.11 Base part for package epstopdf
Package epstopdf-base Info: Redefining graphics rule for `.eps' on input line 4
85.
Package grfext Info: Graphics extension search list:
(grfext)             [.pdf,.png,.jpg,.mps,.jpeg,.jbig2,.jb2,.PDF,.PNG,.JPG,.JPE
G,.JBIG2,.JB2,.eps]
(grfext)             \AppendGraphicsExtensions on input line 504.

(C:\Users\jaith\AppData\Local\Programs\MiKTeX\tex/latex/00miktex\epstopdf-sys.c
fg
File: epstopdf-sys.cfg 2021/03/18 v2.0 Configuration of epstopdf for MiKTeX
)))
(C:\Users\jaith\AppData\Local\Programs\MiKTeX\tex/latex/tools\enumerate.sty
Package: enumerate 2015/07/23 v3.00 enumerate extensions (DPC)
\@enLab=\toks43
)
(C:\Users\jaith\AppData\Local\Programs\MiKTeX\tex/latex/caption\subcaption.sty
Package: subcaption 2022/01/07 v1.5 Sub-captions (AR)

(C:\Users\jaith\AppData\Local\Programs\MiKTeX\tex/latex/caption\caption.sty
Package: caption 2022/03/01 v3.6b Customizing captions (AR)

(C:\Users\jaith\AppData\Local\Programs\MiKTeX\tex/latex/caption\caption3.sty
Package: caption3 2022/03/17 v2.3b caption3 kernel (AR)
\caption@tempdima=\dimen284
\captionmargin=\dimen285
\caption@leftmargin=\dimen286
\caption@rightmargin=\dimen287
\caption@width=\dimen288
\caption@indent=\dimen289
\caption@parindent=\dimen290
\caption@hangindent=\dimen291
Package caption Info: KOMA-Script document class detected.

(C:\Users\jaith\AppData\Local\Programs\MiKTeX\tex/latex/caption\caption-koma.st
o
File: caption-koma.sto 2020/09/21 v2.0b Adaption of the caption package to the 
KOMA-Script document classes (AR)
))
\c@caption@flags=\count353
\c@continuedfloat=\count354
Package caption Info: float package is loaded.
Package caption Info: hyperref package is loaded.
Package caption Info: longtable package is loaded.

(C:\Users\jaith\AppData\Local\Programs\MiKTeX\tex/latex/caption\ltcaption.sty
Package: ltcaption 2021/01/08 v1.4c longtable captions (AR)
)
Package caption Info: threeparttable package is loaded.
)
\c@subfigure=\count355
\c@subtable=\count356
) (C:\Users\jaith\AppData\Local\Programs\MiKTeX\tex/latex/graphics\rotating.sty
Package: rotating 2016/08/11 v2.16d rotated objects in LaTeX
(C:\Users\jaith\AppData\Local\Programs\MiKTeX\tex/latex/base\ifthen.sty
Package: ifthen 2020/11/24 v1.1c Standard LaTeX ifthen package (DPC)
)
\c@r@tfl@t=\count357
\rotFPtop=\skip87
\rotFPbot=\skip88
\rot@float@box=\box79
\rot@mess@toks=\toks44
)
(Befehle.sty))
(C:\Users\jaith\AppData\Local\Programs\MiKTeX\tex/latex/l3backend\l3backend-pdf
tex.def
File: l3backend-pdftex.def 2022-02-07 L3 backend support: PDF output (pdfTeX)
\l__color_backend_stack_int=\count358
\l__pdf_internal_box=\box80
) (PlantillaPG.aux (OtrosTex/HojaTitulo.aux)
LaTeX Info: Redefining \. on input line 28.
LaTeX Info: Redefining \% on input line 28.
 (Capitulos/Cap1.aux

LaTeX Warning: Label `fig:estructura' multiply defined.

))
\openout1 = `PlantillaPG.aux'.

LaTeX Font Info:    Checking defaults for OML/cmm/m/it on input line 2.
LaTeX Font Info:    ... okay on input line 2.
LaTeX Font Info:    Checking defaults for OMS/cmsy/m/n on input line 2.
LaTeX Font Info:    ... okay on input line 2.
LaTeX Font Info:    Checking defaults for OT1/cmr/m/n on input line 2.
LaTeX Font Info:    ... okay on input line 2.
LaTeX Font Info:    Checking defaults for T1/cmr/m/n on input line 2.
LaTeX Font Info:    ... okay on input line 2.
LaTeX Font Info:    Checking defaults for TS1/cmr/m/n on input line 2.
LaTeX Font Info:    ... okay on input line 2.
LaTeX Font Info:    Checking defaults for OMX/cmex/m/n on input line 2.
LaTeX Font Info:    ... okay on input line 2.
LaTeX Font Info:    Checking defaults for U/cmr/m/n on input line 2.
LaTeX Font Info:    ... okay on input line 2.
LaTeX Font Info:    Checking defaults for PD1/pdf/m/n on input line 2.
LaTeX Font Info:    ... okay on input line 2.
LaTeX Font Info:    Checking defaults for PU/pdf/m/n on input line 2.
LaTeX Font Info:    ... okay on input line 2.

(C:\Users\jaith\AppData\Local\Programs\MiKTeX\tex/context/base/mkii\supp-pdf.mk
ii
[Loading MPS to PDF converter (version 2006.09.02).]
\scratchcounter=\count359
\scratchdimen=\dimen292
\scratchbox=\box81
\nofMPsegments=\count360
\nofMParguments=\count361
\everyMPshowfont=\toks45
\MPscratchCnt=\count362
\MPscratchDim=\dimen293
\MPnumerator=\count363
\makeMPintoPDFobject=\count364
\everyMPtoPDFconversion=\toks46
)
LaTeX Info: Redefining \. on input line 2.
LaTeX Info: Redefining \% on input line 2.
Package hyperref Info: Link coloring ON on input line 2.
 (C:\Users\jaith\AppData\Local\Programs\MiKTeX\tex/latex/hyperref\nameref.sty
Package: nameref 2021-04-02 v2.47 Cross-referencing by name of section

(C:\Users\jaith\AppData\Local\Programs\MiKTeX\tex/latex/refcount\refcount.sty
Package: refcount 2019/12/15 v3.6 Data extraction from label references (HO)
)
(C:\Users\jaith\AppData\Local\Programs\MiKTeX\tex/generic/gettitlestring\gettit
lestring.sty
Package: gettitlestring 2019/12/15 v1.6 Cleanup title references (HO)
)
\c@section@level=\count365
)
LaTeX Info: Redefining \ref on input line 2.
LaTeX Info: Redefining \pageref on input line 2.
LaTeX Info: Redefining \nameref on input line 2.
 (PlantillaPG.out) (PlantillaPG.out)
\@outlinefile=\write4
\openout4 = `PlantillaPG.out'.

Class scrbook Info: loading recommended package `bookmark'.
(scrbook)           Using `bookmark' together with `hyperref' is recommended,
(scrbook)           because of handling of possible bookmark level gaps.
(scrbook)           You can avoid loading `bookmark' with KOMA-Script option
(scrbook)           `bookmarkpackage=false' before \begin{document} and
(scrbook)           you can avoid this message adding:
(scrbook)             \usepackage{bookmark}
(scrbook)           before \begin{document} on input line 2.
Class scrbook Info: temporary deactivation of babel-spanish quoting  on input l
ine 2.

(C:\Users\jaith\AppData\Local\Programs\MiKTeX\tex/latex/bookmark\bookmark.sty
Package: bookmark 2020-11-06 v1.29 PDF bookmarks (HO)

(C:\Users\jaith\AppData\Local\Programs\MiKTeX\tex/latex/bookmark\bkm-pdftex.def
File: bkm-pdftex.def 2020-11-06 v1.29 bookmark driver for pdfTeX (HO)
\BKM@id=\count366
))
Class scrbook Info: reactivation of babel-spanish quoting  on input line 2.
Package caption Info: Begin \AtBeginDocument code.
Package caption Info: rotating package is loaded.
Package caption Info: End \AtBeginDocument code.
\openout2 = `OtrosTex/HojaTitulo.aux'.

 (OtrosTex/HojaTitulo.tex

pdfTeX warning: pdflatex.exe (file ./OtrosTex/LogoUSB.pdf): PDF inclusion: foun
d PDF version <1.7>, but at most version <1.5> allowed
<OtrosTex/LogoUSB.pdf, id=6, 211.79124pt x 183.68625pt>
File: OtrosTex/LogoUSB.pdf Graphic file (type pdf)
<use OtrosTex/LogoUSB.pdf>
Package pdftex.def Info: OtrosTex/LogoUSB.pdf  used on input line 12.
(pdftex.def)             Requested size: 164.0428pt x 142.26378pt.
[1




{C:/Users/jaith/AppData/Local/MiKTeX/fonts/map/pdftex/pdftex.map} <./OtrosTex/L
ogoUSB.pdf>] [2


]) (PlantillaPG.toc
LaTeX Info: Redefining \. on input line 1.
LaTeX Info: Redefining \% on input line 1.
Package tocbasic Info: Using my definition of `\numberline' on input line 2.
Package tocbasic Info: Using my definition of `\numberline' on input line 3.
Package tocbasic Info: Using my definition of `\numberline' on input line 4.
Package tocbasic Info: Using my definition of `\numberline' on input line 5.
Package tocbasic Info: Using my definition of `\numberline' on input line 6.
Package tocbasic Info: Using my definition of `\numberline' on input line 7.
Package tocbasic Info: Using my definition of `\numberline' on input line 8.
Package tocbasic Info: Using my definition of `\numberline' on input line 9.
Package tocbasic Info: Using my definition of `\numberline' on input line 10.
Package tocbasic Info: Using my definition of `\numberline' on input line 11.
Package tocbasic Info: Using my definition of `\numberline' on input line 12.
Package tocbasic Info: Using my definition of `\numberline' on input line 13.
Package tocbasic Info: Using my definition of `\numberline' on input line 14.
Package tocbasic Info: Using my definition of `\numberline' on input line 15.
Package tocbasic Info: Using my definition of `\numberline' on input line 16.
Package tocbasic Info: Using my definition of `\numberline' on input line 17.
Package tocbasic Info: Using my definition of `\numberline' on input line 18.
Package tocbasic Info: Using my definition of `\numberline' on input line 19.
Package tocbasic Info: Using my definition of `\numberline' on input line 20.
Package tocbasic Info: Using my definition of `\numberline' on input line 21.
Package tocbasic Info: Using my definition of `\numberline' on input line 22.
Package tocbasic Info: Using my definition of `\numberline' on input line 23.
Package tocbasic Info: Using my definition of `\numberline' on input line 24.
Package tocbasic Info: Using my definition of `\numberline' on input line 25.
Package tocbasic Info: Using my definition of `\numberline' on input line 26.
Package tocbasic Info: Using my definition of `\numberline' on input line 27.
Package tocbasic Info: Using my definition of `\numberline' on input line 28.
Package tocbasic Info: Using my definition of `\numberline' on input line 29.
Package tocbasic Info: Using my definition of `\numberline' on input line 30.
Package tocbasic Info: Using my definition of `\numberline' on input line 31.
Package tocbasic Info: Using my definition of `\numberline' on input line 32.

Underfull \vbox (badness 2096) has occurred while \output is active []

 [3





]
Package tocbasic Info: Using my definition of `\numberline' on input line 33.
Package tocbasic Info: Using my definition of `\numberline' on input line 34.
Package tocbasic Info: Using my definition of `\numberline' on input line 35.
Package tocbasic Info: Using my definition of `\numberline' on input line 36.
Package tocbasic Info: Using my definition of `\numberline' on input line 37.
Package tocbasic Info: Using my definition of `\numberline' on input line 38.
Package tocbasic Info: Using my definition of `\numberline' on input line 39.
Package tocbasic Info: Using my definition of `\numberline' on input line 40.
Package tocbasic Info: Using my definition of `\numberline' on input line 41.
Package tocbasic Info: Using my definition of `\numberline' on input line 42.
Package tocbasic Info: Using my definition of `\numberline' on input line 44.
Package tocbasic Info: Using my definition of `\numberline' on input line 47.
Package tocbasic Info: Using my definition of `\numberline' on input line 50.
Package tocbasic Info: Using my definition of `\numberline' on input line 56.
Package tocbasic Info: Using my definition of `\numberline' on input line 62.
Package tocbasic Info: Using my definition of `\numberline' on input line 63.
Package tocbasic Info: Using my definition of `\numberline' on input line 64.
Package tocbasic Info: Using my definition of `\numberline' on input line 65.
Package tocbasic Info: Using my definition of `\numberline' on input line 66.
Package tocbasic Info: Using my definition of `\numberline' on input line 67.
Package tocbasic Info: Using my definition of `\numberline' on input line 68.
Package tocbasic Info: Using my definition of `\numberline' on input line 69.
Package tocbasic Info: Using my definition of `\numberline' on input line 70.
Package tocbasic Info: Using my definition of `\numberline' on input line 71.
Package tocbasic Info: Using my definition of `\numberline' on input line 72.
Package tocbasic Info: Using my definition of `\numberline' on input line 73.
Package tocbasic Info: Using my definition of `\numberline' on input line 74.
Package tocbasic Info: Using my definition of `\numberline' on input line 75.
)
\tf@toc=\write5
\openout5 = `PlantillaPG.toc'.

LaTeX Info: Redefining \. on input line 26.
LaTeX Info: Redefining \% on input line 26.

[1]
\openout2 = `Capitulos/Cap1.aux'.

 (Capitulos/Cap1.tex [2



]
chapter 1.

Class scrbook Warning: \float@addtolists detected!
(scrbook)              Implementation of \float@addtolist became
(scrbook)              deprecated in KOMA-Script v3.01 2008/11/14 and
(scrbook)              has been replaced by several more flexible
(scrbook)              features of package `tocbasic`.
(scrbook)              Since Version 3.12 support for deprecated
(scrbook)              \float@addtolist interface has been
(scrbook)              restricted to only some of the KOMA-Script
(scrbook)              features and been removed from others.
(scrbook)              Loading of package `scrhack' may help to
(scrbook)              avoid this warning, if you are using a
(scrbook)              a package that still implements the
(scrbook)              deprecated \float@addtolist interface.


Underfull \hbox (badness 10000) in paragraph at lines 5--6

 []


Underfull \hbox (badness 10000) in paragraph at lines 7--8

 []

[3

]
LaTeX Info: Redefining \. on input line 37.
LaTeX Info: Redefining \% on input line 37.
 [4]
Underfull \hbox (badness 10000) in paragraph at lines 40--41

 []


Underfull \hbox (badness 10000) in paragraph at lines 47--48

 []

LaTeX Info: Redefining \. on input line 49.
LaTeX Info: Redefining \% on input line 49.
[5]
Underfull \hbox (badness 10000) in paragraph at lines 49--50

 []


Underfull \hbox (badness 10000) in paragraph at lines 51--52

 []


Underfull \hbox (badness 10000) in paragraph at lines 53--54

 []

LaTeX Info: Redefining \. on input line 58.
LaTeX Info: Redefining \% on input line 58.
[6]
chapter 2.
[7

]
<Figs/Convolucion_dilatada.png, id=239, 383.93437pt x 241.65282pt>
File: Figs/Convolucion_dilatada.png Graphic file (type png)
<use Figs/Convolucion_dilatada.png>
Package pdftex.def Info: Figs/Convolucion_dilatada.png  used on input line 75.
(pdftex.def)             Requested size: 230.3624pt x 144.9928pt.


LaTeX Font Warning: Font shape `OT1/cmss/bx/it' undefined
(Font)              using `OT1/cmss/bx/n' instead on input line 80.


Underfull \hbox (badness 10000) in paragraph at lines 86--87

 []


Underfull \vbox (badness 1173) has occurred while \output is active []

LaTeX Info: Redefining \. on input line 93.
LaTeX Info: Redefining \% on input line 93.
 [8 <./Figs/Convolucion_dilatada.png>]
Underfull \hbox (badness 10000) in paragraph at lines 103--104

 []

LaTeX Info: Redefining \. on input line 106.
LaTeX Info: Redefining \% on input line 106.
[9]
<Figs/mp.png, id=265, 508.90125pt x 132.495pt>
File: Figs/mp.png Graphic file (type png)
<use Figs/mp.png>
Package pdftex.def Info: Figs/mp.png  used on input line 116.
(pdftex.def)             Requested size: 305.34311pt x 79.49759pt.

Underfull \hbox (badness 10000) in paragraph at lines 125--126

 []

<Figs/padding.png, id=268, 171.64125pt x 164.86594pt>
File: Figs/padding.png Graphic file (type png)
<use Figs/padding.png>
Package pdftex.def Info: Figs/padding.png  used on input line 131.
(pdftex.def)             Requested size: 111.56548pt x 107.16156pt.
LaTeX Info: Redefining \. on input line 137.
LaTeX Info: Redefining \% on input line 137.
[10 <./Figs/mp.png>]
<Figs/stride.png, id=287, 607.51968pt x 140.77594pt>
File: Figs/stride.png Graphic file (type png)
<use Figs/stride.png>
Package pdftex.def Info: Figs/stride.png  used on input line 148.
(pdftex.def)             Requested size: 303.7591pt x 70.38779pt.
LaTeX Info: Redefining \. on input line 153.
LaTeX Info: Redefining \% on input line 153.
 [11 <./Figs/padding.png> <./Figs/stride.png>]
Underfull \hbox (badness 10000) in paragraph at lines 155--156

 []

LaTeX Info: Redefining \. on input line 170.
LaTeX Info: Redefining \% on input line 170.
[12]

LaTeX Warning: No positions in optional float specifier.
               Default added (so using `tbp') on input line 176.

LaTeX Info: Redefining \. on input line 201.
LaTeX Info: Redefining \% on input line 201.
[13]
LaTeX Info: Redefining \. on input line 206.
LaTeX Info: Redefining \% on input line 206.
 [14]
chapter 3.

Underfull \hbox (badness 10000) in paragraph at lines 210--211

 []


Underfull \hbox (badness 10000) in paragraph at lines 214--215

 []


Underfull \hbox (badness 10000) in paragraph at lines 216--217

 []

[15

]
Underfull \hbox (badness 10000) in paragraph at lines 218--219

 []


Underfull \hbox (badness 10000) in paragraph at lines 222--223

 []

LaTeX Info: Redefining \. on input line 223.
LaTeX Info: Redefining \% on input line 223.
[16]
Underfull \hbox (badness 10000) in paragraph at lines 226--227

 []


Underfull \hbox (badness 10000) in paragraph at lines 228--229

 []

LaTeX Info: Redefining \. on input line 230.
LaTeX Info: Redefining \% on input line 230.
[17]
Underfull \hbox (badness 10000) in paragraph at lines 230--231

 []


Underfull \hbox (badness 10000) in paragraph at lines 236--237

 []

LaTeX Info: Redefining \. on input line 238.
LaTeX Info: Redefining \% on input line 238.
[18]
Underfull \hbox (badness 10000) in paragraph at lines 238--239

 []


Underfull \hbox (badness 10000) in paragraph at lines 241--242

 []


Underfull \hbox (badness 10000) in paragraph at lines 243--244

 []

LaTeX Info: Redefining \. on input line 248.
LaTeX Info: Redefining \% on input line 248.
[19]
chapter 4.

Underfull \hbox (badness 10000) in paragraph at lines 251--252

 []

<Figs/FGGeneral.jpg, id=384, 1628.0825pt x 618.31pt>
File: Figs/FGGeneral.jpg Graphic file (type jpg)
<use Figs/FGGeneral.jpg>
Package pdftex.def Info: Figs/FGGeneral.jpg  used on input line 255.
(pdftex.def)             Requested size: 455.86pt x 173.12561pt.

Overfull \hbox (0.61592pt too wide) in paragraph at lines 255--256
 [][] 
 []


Underfull \hbox (badness 10000) in paragraph at lines 260--261

 []

[20

 <./Figs/FGGeneral.jpg>]
Underfull \hbox (badness 10000) in paragraph at lines 262--263

 []


Underfull \hbox (badness 10000) in paragraph at lines 270--271

 []

[21]
<Figs/Chamber.JPEG, id=401, 1284.8pt x 961.5925pt>
File: Figs/Chamber.JPEG Graphic file (type jpg)
<use Figs/Chamber.JPEG>
Package pdftex.def Info: Figs/Chamber.JPEG  used on input line 304.
(pdftex.def)             Requested size: 205.5722pt x 153.85794pt.

Underfull \hbox (badness 10000) in paragraph at lines 310--311

 []

LaTeX Info: Redefining \. on input line 311.
LaTeX Info: Redefining \% on input line 311.
[22 <./Figs/Chamber.JPEG>]
Underfull \hbox (badness 10000) in paragraph at lines 334--335

 []

LaTeX Info: Redefining \. on input line 358.
LaTeX Info: Redefining \% on input line 358.
[23]
Underfull \hbox (badness 10000) in paragraph at lines 361--362

 []

<Figs/Distribucion.jpg, id=419, 769.3258pt x 704.04968pt>
File: Figs/Distribucion.jpg Graphic file (type jpg)
<use Figs/Distribucion.jpg>
Package pdftex.def Info: Figs/Distribucion.jpg  used on input line 365.
(pdftex.def)             Requested size: 384.66196pt x 352.02397pt.

Underfull \hbox (badness 10000) in paragraph at lines 370--371

 []

LaTeX Info: Redefining \. on input line 376.
LaTeX Info: Redefining \% on input line 376.
[24 <./Figs/Distribucion.jpg>]
chapter 5.
<Figs/A-generic-CNN-Architecture.png, id=428, 592.2125pt x 166.6225pt>
File: Figs/A-generic-CNN-Architecture.png Graphic file (type png)
<use Figs/A-generic-CNN-Architecture.png>
Package pdftex.def Info: Figs/A-generic-CNN-Architecture.png  used on input lin
e 392.
(pdftex.def)             Requested size: 355.33023pt x 99.97426pt.
<Figs/procedimiento.jpg, id=430, 2157.05875pt x 466.74374pt>
File: Figs/procedimiento.jpg Graphic file (type jpg)
<use Figs/procedimiento.jpg>
Package pdftex.def Info: Figs/procedimiento.jpg  used on input line 401.
(pdftex.def)             Requested size: 323.54485pt x 70.00853pt.
[25

 <./Figs/A-generic-CNN-Architecture.png>]
Underfull \hbox (badness 10000) in paragraph at lines 420--420
[]|\OT1/cmr/m/n/12 Image Trans-
 []


Underfull \hbox (badness 1163) in paragraph at lines 421--421
[]|\OT1/cmr/m/n/12 Recorta una por-ci^^Son
 []


Underfull \hbox (badness 7851) in paragraph at lines 423--423
[]|\OT1/cmr/m/n/12 Voltea ver-ti-cal-men-te
 []


Underfull \hbox (badness 2020) in paragraph at lines 424--424
[]|\OT1/cmr/m/n/12 Convierte la im^^Sagen
 []


Underfull \hbox (badness 10000) in paragraph at lines 426--426
[]|\OT1/cmr/m/n/12 Transformaci^^Son af^^S^^Pn
 []


Underfull \hbox (badness 1137) in paragraph at lines 426--426
[]|\OT1/cmr/m/n/12 Desenfoca la im^^Sagen
 []


Underfull \hbox (badness 3792) in paragraph at lines 426--426
\OT1/cmr/m/n/12 con un fil-tro gaus-
 []


Overfull \hbox (15.85674pt too wide) in paragraph at lines 418--428
 [][] 
 []


Underfull \hbox (badness 10000) in paragraph at lines 440--440
[]|\OT1/cmr/m/n/12 Convierte la
 []


Underfull \hbox (badness 3954) in paragraph at lines 440--440
\OT1/cmr/m/n/12 im^^Sagen en es-ca-la
 []


Underfull \hbox (badness 6493) in paragraph at lines 441--441
[]|\OT1/cmr/m/n/12 Voltea ho-ri-zon-tal-
 []


Underfull \hbox (badness 6493) in paragraph at lines 441--441
[]|\OT1/cmr/m/n/12 Invierte alea-to-ria-
 []


Overfull \hbox (1.98238pt too wide) in paragraph at lines 442--442
[]|\OT1/cmr/m/n/12 RandomPerspective| 
 []


Overfull \hbox (2.74637pt too wide) in paragraph at lines 442--442
[]|\OT1/cmr/m/n/12 RandomAutocontrast| 
 []


Underfull \hbox (badness 10000) in paragraph at lines 442--442
[]|\OT1/cmr/m/n/12 Autocontraste de
 []


Underfull \hbox (badness 3291) in paragraph at lines 442--442
\OT1/cmr/m/n/12 los p^^S^^Pxe-les de la
 []


Underfull \hbox (badness 1789) in paragraph at lines 443--443
[]|\OT1/cmr/m/n/12 Equaliza el his-to-
 []


Underfull \hbox (badness 10000) in paragraph at lines 444--444
[]|\OT1/cmr/m/n/12 Aplicar alea-to-ria-
 []


Underfull \hbox (badness 10000) in paragraph at lines 444--444
\OT1/cmr/m/n/12 trans-for-ma-cio-nes
 []


Overfull \hbox (1.63036pt too wide) in paragraph at lines 436--446
 [][] 
 []

LaTeX Info: Redefining \. on input line 450.
LaTeX Info: Redefining \% on input line 450.
[26 <./Figs/procedimiento.jpg>]
LaTeX Info: Redefining \. on input line 460.
LaTeX Info: Redefining \% on input line 460.
 [27]
Underfull \hbox (badness 10000) in paragraph at lines 462--463

 []

LaTeX Info: Redefining \. on input line 465.
LaTeX Info: Redefining \% on input line 465.
[28]
<Figs/augmentation.png, id=465, 1137.24875pt x 512.91624pt>
File: Figs/augmentation.png Graphic file (type png)
<use Figs/augmentation.png>
Package pdftex.def Info: Figs/augmentation.png  used on input line 488.
(pdftex.def)             Requested size: 454.89145pt x 205.16286pt.
LaTeX Info: Redefining \. on input line 496.
LaTeX Info: Redefining \% on input line 496.
 [29 <./Figs/augmentation.png>]
Underfull \hbox (badness 10000) in paragraph at lines 513--514

 []

LaTeX Info: Redefining \. on input line 514.
LaTeX Info: Redefining \% on input line 514.
[30]
LaTeX Info: Redefining \. on input line 516.
LaTeX Info: Redefining \% on input line 516.
 [31]
LaTeX Info: Redefining \. on input line 560.
LaTeX Info: Redefining \% on input line 560.
 [32]
Underfull \hbox (badness 10000) in paragraph at lines 562--563

 []


Underfull \hbox (badness 10000) in paragraph at lines 567--568

 []


Underfull \hbox (badness 10000) in paragraph at lines 569--570

 []


Underfull \hbox (badness 10000) in paragraph at lines 581--582

 []


Underfull \hbox (badness 10000) in paragraph at lines 583--584

 []

LaTeX Info: Redefining \. on input line 588.
LaTeX Info: Redefining \% on input line 588.
[33]
Underfull \hbox (badness 10000) in paragraph at lines 601--602

 []


Underfull \hbox (badness 10000) in paragraph at lines 604--605

 []


Underfull \hbox (badness 10000) in paragraph at lines 607--608

 []

LaTeX Info: Redefining \. on input line 609.
LaTeX Info: Redefining \% on input line 609.
[34]
<Figs/5.png, id=534, 963.6pt x 542.025pt>
File: Figs/5.png Graphic file (type png)
<use Figs/5.png>
Package pdftex.def Info: Figs/5.png  used on input line 613.
(pdftex.def)             Requested size: 385.43317pt x 216.80615pt.

Underfull \hbox (badness 10000) in paragraph at lines 618--619

 []

LaTeX Info: Redefining \. on input line 625.
LaTeX Info: Redefining \% on input line 625.
[35 <./Figs/5.png (PNG copy)>]
<Figs/22.jpeg, id=547, 810.02625pt x 463.7325pt>
File: Figs/22.jpeg Graphic file (type jpg)
<use Figs/22.jpeg>
Package pdftex.def Info: Figs/22.jpeg  used on input line 628.
(pdftex.def)             Requested size: 307.81317pt x 176.22017pt.

Underfull \hbox (badness 10000) in paragraph at lines 634--635

 []

<Figs/101.png, id=550, 420.82219pt x 293.59688pt>
File: Figs/101.png Graphic file (type png)
<use Figs/101.png>
Package pdftex.def Info: Figs/101.png  used on input line 641.
(pdftex.def)             Requested size: 210.41057pt x 146.79807pt.
LaTeX Info: Redefining \. on input line 647.
LaTeX Info: Redefining \% on input line 647.
[36 <./Figs/22.jpeg> <./Figs/101.png>]
<Figs/102.png, id=559, 411.78844pt x 295.1025pt>
File: Figs/102.png Graphic file (type png)
<use Figs/102.png>
Package pdftex.def Info: Figs/102.png  used on input line 650.
(pdftex.def)             Requested size: 226.48433pt x 162.30685pt.
<Figs/103.png, id=562, 1137.24875pt x 527.9725pt>
File: Figs/103.png Graphic file (type png)
<use Figs/103.png>
Package pdftex.def Info: Figs/103.png  used on input line 659.
(pdftex.def)             Requested size: 454.89145pt x 211.18526pt.
LaTeX Info: Redefining \. on input line 664.
LaTeX Info: Redefining \% on input line 664.
 [37 <./Figs/102.png> <./Figs/103.png>]
LaTeX Info: Redefining \. on input line 707.
LaTeX Info: Redefining \% on input line 707.

[38]
Underfull \hbox (badness 10000) in paragraph at lines 709--710

 []

<Figs/70.png, id=580, 451.6875pt x 456.95718pt>
File: Figs/70.png Graphic file (type png)
<use Figs/70.png>
Package pdftex.def Info: Figs/70.png  used on input line 716.
(pdftex.def)             Requested size: 271.01459pt x 274.1764pt.
LaTeX Info: Redefining \. on input line 729.
LaTeX Info: Redefining \% on input line 729.
[39 <./Figs/70.png>]
Underfull \hbox (badness 10000) in paragraph at lines 736--737

 []


Underfull \hbox (badness 10000) in paragraph at lines 738--739

 []

<Figs/105.png, id=591, 435.87843pt x 295.85532pt>
File: Figs/105.png Graphic file (type png)
<use Figs/105.png>
Package pdftex.def Info: Figs/105.png  used on input line 746.
(pdftex.def)             Requested size: 217.93867pt x 147.92729pt.
LaTeX Info: Redefining \. on input line 752.
LaTeX Info: Redefining \% on input line 752.
[40 <./Figs/105.png>]
<Figs/106.png, id=601, 416.30531pt x 294.34969pt>
File: Figs/106.png Graphic file (type png)
<use Figs/106.png>
Package pdftex.def Info: Figs/106.png  used on input line 755.
(pdftex.def)             Requested size: 208.15215pt x 147.17447pt.
<Figs/107.png, id=603, 1137.24875pt x 527.9725pt>
File: Figs/107.png Graphic file (type png)
<use Figs/107.png>
Package pdftex.def Info: Figs/107.png  used on input line 764.
(pdftex.def)             Requested size: 454.89145pt x 211.18526pt.
LaTeX Info: Redefining \. on input line 771.
LaTeX Info: Redefining \% on input line 771.
 [41 <./Figs/106.png> <./Figs/107.png>]
LaTeX Info: Redefining \. on input line 811.
LaTeX Info: Redefining \% on input line 811.
 [42]
Underfull \hbox (badness 10000) in paragraph at lines 813--814

 []

<Figs/67.png, id=620, 307.90031pt x 401.24907pt>
File: Figs/67.png Graphic file (type png)
<use Figs/67.png>
Package pdftex.def Info: Figs/67.png  used on input line 819.
(pdftex.def)             Requested size: 184.74161pt x 240.75128pt.
LaTeX Info: Redefining \. on input line 826.
LaTeX Info: Redefining \% on input line 826.
[43 <./Figs/67.png>]
<Figs/68.png, id=633, 682.04813pt x 295.1025pt>
File: Figs/68.png Graphic file (type png)
<use Figs/68.png>
Package pdftex.def Info: Figs/68.png  used on input line 831.
(pdftex.def)             Requested size: 443.32603pt x 191.81433pt.

Underfull \hbox (badness 10000) in paragraph at lines 837--838

 []

LaTeX Info: Redefining \. on input line 842.
LaTeX Info: Redefining \% on input line 842.
[44 <./Figs/68.png>]
<Figs/109.png, id=644, 419.31656pt x 297.36093pt>
File: Figs/109.png Graphic file (type png)
<use Figs/109.png>
Package pdftex.def Info: Figs/109.png  used on input line 847.
(pdftex.def)             Requested size: 230.6248pt x 163.54901pt.
<Figs/110.png, id=646, 417.05812pt x 298.11375pt>
File: Figs/110.png Graphic file (type png)
<use Figs/110.png>
Package pdftex.def Info: Figs/110.png  used on input line 856.
(pdftex.def)             Requested size: 229.38268pt x 163.96306pt.
LaTeX Info: Redefining \. on input line 861.
LaTeX Info: Redefining \% on input line 861.
 [45 <./Figs/109.png> <./Figs/110.png>]
<Figs/111.png, id=656, 1137.24875pt x 527.9725pt>
File: Figs/111.png Graphic file (type png)
<use Figs/111.png>
Package pdftex.def Info: Figs/111.png  used on input line 866.
(pdftex.def)             Requested size: 454.89145pt x 211.18526pt.
LaTeX Info: Redefining \. on input line 912.
LaTeX Info: Redefining \% on input line 912.
 [46 <./Figs/111.png>]
LaTeX Info: Redefining \. on input line 934.
LaTeX Info: Redefining \% on input line 934.
 [47]
Overfull \hbox (4.99004pt too wide) in paragraph at lines 937--938
[]\OT1/cmr/m/n/12 Dos de las es-tra-te-gias m^^Sas em-plea-das pa-ra pro-bar di
-fe-ren-tes com-bi-na-cio-nes de hip^^Serpar^^Same-
 []

<Figs/121.png, id=677, 502.12593pt x 243.91125pt>
File: Figs/121.png Graphic file (type png)
<use Figs/121.png>
Package pdftex.def Info: Figs/121.png  used on input line 941.
(pdftex.def)             Requested size: 301.27788pt x 146.34787pt.

Underfull \hbox (badness 10000) in paragraph at lines 946--947

 []


Underfull \hbox (badness 10000) in paragraph at lines 949--950

 []

LaTeX Info: Redefining \. on input line 952.
LaTeX Info: Redefining \% on input line 952.
[48 <./Figs/121.png>]
LaTeX Info: Redefining \. on input line 978.
LaTeX Info: Redefining \% on input line 978.
 [49]
<Figs/500.png, id=698, 424.58624pt x 294.34969pt>
File: Figs/500.png Graphic file (type png)
<use Figs/500.png>
Package pdftex.def Info: Figs/500.png  used on input line 983.
(pdftex.def)             Requested size: 339.66945pt x 235.48006pt.
<Figs/501.png, id=700, 415.5525pt x 295.1025pt>
File: Figs/501.png Graphic file (type png)
<use Figs/501.png>
Package pdftex.def Info: Figs/501.png  used on input line 991.
(pdftex.def)             Requested size: 332.44244pt x 236.0823pt.
LaTeX Info: Redefining \. on input line 996.
LaTeX Info: Redefining \% on input line 996.
 [50 <./Figs/500.png>]
<Figs/502.png, id=711, 1137.24875pt x 527.9725pt>
File: Figs/502.png Graphic file (type png)
<use Figs/502.png>
Package pdftex.def Info: Figs/502.png  used on input line 1000.
(pdftex.def)             Requested size: 454.89145pt x 211.18526pt.
LaTeX Info: Redefining \. on input line 1026.
LaTeX Info: Redefining \% on input line 1026.
 [51 <./Figs/501.png>]
LaTeX Info: Redefining \. on input line 1049.
LaTeX Info: Redefining \% on input line 1049.
 [52 <./Figs/502.png>]
<Figs/504.png, id=729, 417.05812pt x 300.3722pt>
File: Figs/504.png Graphic file (type png)
<use Figs/504.png>
Package pdftex.def Info: Figs/504.png  used on input line 1054.
(pdftex.def)             Requested size: 250.2368pt x 180.22469pt.
<Figs/505.png, id=731, 413.29407pt x 293.59688pt>
File: Figs/505.png Graphic file (type png)
<use Figs/505.png>
Package pdftex.def Info: Figs/505.png  used on input line 1064.
(pdftex.def)             Requested size: 247.97835pt x 176.15947pt.
LaTeX Info: Redefining \. on input line 1069.
LaTeX Info: Redefining \% on input line 1069.
 [53 <./Figs/504.png> <./Figs/505.png>]
<Figs/506.png, id=743, 1137.24875pt x 527.9725pt>
File: Figs/506.png Graphic file (type png)
<use Figs/506.png>
Package pdftex.def Info: Figs/506.png  used on input line 1074.
(pdftex.def)             Requested size: 454.89145pt x 211.18526pt.
LaTeX Info: Redefining \. on input line 1099.
LaTeX Info: Redefining \% on input line 1099.
 [54 <./Figs/506.png>]
<Figs/508.png, id=754, 421.575pt x 301.8778pt>
File: Figs/508.png Graphic file (type png)
<use Figs/508.png>
Package pdftex.def Info: Figs/508.png  used on input line 1125.
(pdftex.def)             Requested size: 252.94695pt x 181.12807pt.
LaTeX Info: Redefining \. on input line 1132.
LaTeX Info: Redefining \% on input line 1132.

[55 <./Figs/508.png>]
<Figs/509.png, id=766, 411.03563pt x 298.11375pt>
File: Figs/509.png Graphic file (type png)
<use Figs/509.png>
Package pdftex.def Info: Figs/509.png  used on input line 1135.
(pdftex.def)             Requested size: 246.62328pt x 178.86963pt.
<Figs/510.png, id=768, 1137.24875pt x 527.9725pt>
File: Figs/510.png Graphic file (type png)
<use Figs/510.png>
Package pdftex.def Info: Figs/510.png  used on input line 1144.
(pdftex.def)             Requested size: 454.89145pt x 211.18526pt.
LaTeX Info: Redefining \. on input line 1149.
LaTeX Info: Redefining \% on input line 1149.
 [56 <./Figs/509.png> <./Figs/510.png>]
LaTeX Info: Redefining \. on input line 1189.
LaTeX Info: Redefining \% on input line 1189.
 [57]
<Figs/512.png, id=785, 417.81094pt x 295.1025pt>
File: Figs/512.png Graphic file (type png)
<use Figs/512.png>
Package pdftex.def Info: Figs/512.png  used on input line 1196.
(pdftex.def)             Requested size: 250.68849pt x 177.06285pt.
<Figs/513.png, id=787, 426.84468pt x 297.36093pt>
File: Figs/513.png Graphic file (type png)
<use Figs/513.png>
Package pdftex.def Info: Figs/513.png  used on input line 1205.
(pdftex.def)             Requested size: 256.10878pt x 178.41792pt.
LaTeX Info: Redefining \. on input line 1210.
LaTeX Info: Redefining \% on input line 1210.
 [58 <./Figs/512.png> <./Figs/513.png>]
<Figs/514.png, id=800, 1137.24875pt x 527.9725pt>
File: Figs/514.png Graphic file (type png)
<use Figs/514.png>
Package pdftex.def Info: Figs/514.png  used on input line 1215.
(pdftex.def)             Requested size: 454.89145pt x 211.18526pt.
LaTeX Info: Redefining \. on input line 1279.
LaTeX Info: Redefining \% on input line 1279.
 [59 <./Figs/514.png>]
LaTeX Info: Redefining \. on input line 1281.
LaTeX Info: Redefining \% on input line 1281.
 [60]
<Figs/matlabcv.png, id=824, 788.34525pt x 358.33875pt>
File: Figs/matlabcv.png Graphic file (type png)
<use Figs/matlabcv.png>
Package pdftex.def Info: Figs/matlabcv.png  used on input line 1310.
(pdftex.def)             Requested size: 236.5054pt x 107.50244pt.

Underfull \hbox (badness 10000) in paragraph at lines 1315--1316

 []

<Figs/dilmed.png, id=826, 4769.82pt x 3179.88pt>
File: Figs/dilmed.png Graphic file (type png)
<use Figs/dilmed.png>
Package pdftex.def Info: Figs/dilmed.png  used on input line 1321.
(pdftex.def)             Requested size: 238.50497pt x 159.00331pt.
LaTeX Info: Redefining \. on input line 1327.
LaTeX Info: Redefining \% on input line 1327.
[61 <./Figs/matlabcv.png>]
<Figs/contour.png, id=836, 4769.82pt x 3179.88pt>
File: Figs/contour.png Graphic file (type png)
<use Figs/contour.png>
Package pdftex.def Info: Figs/contour.png  used on input line 1330.
(pdftex.def)             Requested size: 238.50497pt x 159.00331pt.
LaTeX Info: Redefining \. on input line 1337.
LaTeX Info: Redefining \% on input line 1337.
 [62 <./Figs/dilmed.png (PNG copy)> <./Figs/contour.png (PNG copy)>]
Underfull \hbox (badness 10000) in paragraph at lines 1343--1343
[]|\OT1/cmr/m/n/12 Tama~no
 []


Underfull \hbox (badness 10000) in paragraph at lines 1343--1343
\OT1/cmr/m/n/12 del Pe-ri-
 []


Underfull \hbox (badness 10000) in paragraph at lines 1343--1343
[]|\OT1/cmr/m/n/12 Tama~no
 []


Underfull \hbox (badness 10000) in paragraph at lines 1343--1343
\OT1/cmr/m/n/12 del Pe-ri-
 []


Underfull \hbox (badness 10000) in paragraph at lines 1343--1343
[]|\OT1/cmr/m/n/12 Tama~no
 []


Underfull \hbox (badness 10000) in paragraph at lines 1343--1343
\OT1/cmr/m/n/12 del Pe-ri-
 []


Overfull \hbox (28.12831pt too wide) in paragraph at lines 1340--1354
 [][] 
 []

LaTeX Info: Redefining \. on input line 1361.
LaTeX Info: Redefining \% on input line 1361.
[63]
chapter 6.
[64

]
<Figs/65.png, id=858, 342.5297pt x 232.61906pt>
File: Figs/65.png Graphic file (type png)
<use Figs/65.png>
Package pdftex.def Info: Figs/65.png  used on input line 1402.
(pdftex.def)             Requested size: 325.40135pt x 220.98685pt.
LaTeX Info: Redefining \. on input line 1430.
LaTeX Info: Redefining \% on input line 1430.
 [65 <./Figs/65.png>]
<Figs/66.png, id=868, 612.03656pt x 514.17094pt>
File: Figs/66.png Graphic file (type png)
<use Figs/66.png>
Package pdftex.def Info: Figs/66.png  used on input line 1435.
(pdftex.def)             Requested size: 306.01753pt x 257.08484pt.
LaTeX Info: Redefining \. on input line 1463.
LaTeX Info: Redefining \% on input line 1463.
 [66 <./Figs/66.png>]
<Figs/300.png, id=880, 286.82156pt x 344.03531pt>
File: Figs/300.png Graphic file (type png)
<use Figs/300.png>
Package pdftex.def Info: Figs/300.png  used on input line 1471.
(pdftex.def)             Requested size: 86.04712pt x 103.21138pt.
<Figs/301.png, id=881, 293.59688pt x 170.13562pt>
File: Figs/301.png Graphic file (type png)
<use Figs/301.png>
Package pdftex.def Info: Figs/301.png  used on input line 1477.
(pdftex.def)             Requested size: 146.79807pt x 85.0676pt.
<Figs/302.png, id=882, 273.27094pt x 358.33875pt>
File: Figs/302.png Graphic file (type png)
<use Figs/302.png>
Package pdftex.def Info: Figs/302.png  used on input line 1489.
(pdftex.def)             Requested size: 81.9819pt x 107.50244pt.
<Figs/303.png, id=883, 229.60782pt x 280.04625pt>
File: Figs/303.png Graphic file (type png)
<use Figs/303.png>
Package pdftex.def Info: Figs/303.png  used on input line 1495.
(pdftex.def)             Requested size: 68.88287pt x 84.01451pt.

Underfull \hbox (badness 10000) in paragraph at lines 1509--1513

 []

LaTeX Info: Redefining \. on input line 1513.
LaTeX Info: Redefining \% on input line 1513.
[67 <./Figs/300.png> <./Figs/301.png> <./Figs/302.png> <./Figs/303.png>]
Underfull \hbox (badness 10000) in paragraph at lines 1523--1527

 []

LaTeX Info: Redefining \. on input line 1540.
LaTeX Info: Redefining \% on input line 1540.
[68]
<Figs/200.jpg, id=901, 542.025pt x 963.6pt>
File: Figs/200.jpg Graphic file (type jpg)
<use Figs/200.jpg>
Package pdftex.def Info: Figs/200.jpg  used on input line 1546.
(pdftex.def)             Requested size: 542.02367pt x 963.59766pt.
<Figs/201.jpg, id=903, 963.6pt x 542.025pt>
File: Figs/201.jpg Graphic file (type jpg)
<use Figs/201.jpg>
Package pdftex.def Info: Figs/201.jpg  used on input line 1555.
(pdftex.def)             Requested size: 125.2724pt x 70.46571pt.
LaTeX Info: Redefining \. on input line 1562.
LaTeX Info: Redefining \% on input line 1562.
 [69 <./Figs/200.jpg> <./Figs/201.jpg>]
<Figs/202.jpg, id=912, 542.025pt x 963.6pt>
File: Figs/202.jpg Graphic file (type jpg)
<use Figs/202.jpg>
Package pdftex.def Info: Figs/202.jpg  used on input line 1565.
(pdftex.def)             Requested size: 542.02367pt x 963.59766pt.
<Figs/203.jpg, id=914, 1606.0pt x 903.375pt>
File: Figs/203.jpg Graphic file (type jpg)
<use Figs/203.jpg>
Package pdftex.def Info: Figs/203.jpg  used on input line 1575.
(pdftex.def)             Requested size: 240.8896pt x 135.5004pt.

Underfull \hbox (badness 10000) in paragraph at lines 1583--1584

 []

LaTeX Info: Redefining \. on input line 1586.
LaTeX Info: Redefining \% on input line 1586.
[70 <./Figs/202.jpg> <./Figs/203.jpg>]
<Figs/implementacion.jpg, id=922, 642.4pt x 481.8pt>
File: Figs/implementacion.jpg Graphic file (type jpg)
<use Figs/implementacion.jpg>
Package pdftex.def Info: Figs/implementacion.jpg  used on input line 1589.
(pdftex.def)             Requested size: 160.59961pt x 120.44969pt.

Underfull \hbox (badness 10000) in paragraph at lines 1617--1618

 []

LaTeX Info: Redefining \. on input line 1620.
LaTeX Info: Redefining \% on input line 1620.
[71 <./Figs/implementacion.jpg>]
LaTeX Info: Redefining \. on input line 1621.
LaTeX Info: Redefining \% on input line 1621.
 [72]
chapter 7.

Underfull \hbox (badness 10000) in paragraph at lines 1623--1624

 []


Underfull \hbox (badness 10000) in paragraph at lines 1625--1626

 []

) [73

] [74




] (PlantillaPG.bbl [75

]
Underfull \hbox (badness 1622) in paragraph at lines 101--106
[]\OT1/cmr/m/n/12 J. Po-rras, M. De la Cruz, and A. Mor^^San, ``Cla-si-fi-ca-ti
on sys-tem ba-sed on
 []


Underfull \hbox (badness 3769) in paragraph at lines 101--106
\OT1/cmr/m/n/12 com-pu-ter vi-sion,'' \OT1/cmr/m/it/12 Es-cue-la Pro-fe-sio-nal
 de In-ge-nier^^S^^Pa Electr^^Sonica-Universidad
 []


Underfull \hbox (badness 10000) in paragraph at lines 101--106
\OT1/cmr/m/it/12 Ri-car-do Pal-ma: http://www. urp. edu. pe/pdf/ingenieria/elec
tronica/CAP-
 []

LaTeX Info: Redefining \. on input line 119.
LaTeX Info: Redefining \% on input line 119.
[76]
LaTeX Info: Redefining \. on input line 171.
LaTeX Info: Redefining \% on input line 171.
 [77]
LaTeX Info: Redefining \. on input line 232.
LaTeX Info: Redefining \% on input line 232.
 [78])
LaTeX Info: Redefining \. on input line 38.
LaTeX Info: Redefining \% on input line 38.
 [79] (PlantillaPG.aux (OtrosTex/HojaTitulo.aux)
LaTeX Info: Redefining \. on input line 28.
LaTeX Info: Redefining \% on input line 28.

(Capitulos/Cap1.aux))

LaTeX Font Warning: Some font shapes were not available, defaults substituted.


LaTeX Warning: There were multiply-defined labels.

Package rerunfilecheck Info: File `PlantillaPG.out' has not changed.
(rerunfilecheck)             Checksum: D41D8CD98F00B204E9800998ECF8427E;0.
 ) 
Here is how much of TeX's memory you used:
 29926 strings out of 478582
 595108 string characters out of 2844344
 1000454 words of memory out of 3000000
 47225 multiletter control sequences out of 15000+600000
 477343 words of font info for 55 fonts, out of 8000000 for 9000
 1141 hyphenation exceptions out of 8191
 113i,15n,109p,10657b,814s stack positions out of 10000i,1000n,20000p,200000b,80000s
 <C:\Users\jaith\AppData\Local\MiKTeX\fonts/pk/ljfour/jknappen/ec/dpi600\tcrm
1200.pk> <C:\Users\jaith\AppData\Local\MiKTeX\fonts/pk/ljfour/jknappen/ec/dpi60
0\tcrm0800.pk><C:/Users/jaith/AppData/Local/Programs/MiKTeX/fonts/type1/public/
amsfonts/cm/cmbx12.pfb><C:/Users/jaith/AppData/Local/Programs/MiKTeX/fonts/type
1/public/amsfonts/cm/cmex10.pfb><C:/Users/jaith/AppData/Local/Programs/MiKTeX/f
onts/type1/public/amsfonts/cm/cmmi12.pfb><C:/Users/jaith/AppData/Local/Programs
/MiKTeX/fonts/type1/public/amsfonts/cm/cmmi8.pfb><C:/Users/jaith/AppData/Local/
Programs/MiKTeX/fonts/type1/public/amsfonts/cm/cmr10.pfb><C:/Users/jaith/AppDat
a/Local/Programs/MiKTeX/fonts/type1/public/amsfonts/cm/cmr12.pfb><C:/Users/jait
h/AppData/Local/Programs/MiKTeX/fonts/type1/public/amsfonts/cm/cmr17.pfb><C:/Us
ers/jaith/AppData/Local/Programs/MiKTeX/fonts/type1/public/amsfonts/cm/cmr8.pfb
><C:/Users/jaith/AppData/Local/Programs/MiKTeX/fonts/type1/public/amsfonts/cm/c
mssbx10.pfb><C:/Users/jaith/AppData/Local/Programs/MiKTeX/fonts/type1/public/am
sfonts/cm/cmsy10.pfb><C:/Users/jaith/AppData/Local/Programs/MiKTeX/fonts/type1/
public/amsfonts/cm/cmsy8.pfb><C:/Users/jaith/AppData/Local/Programs/MiKTeX/font
s/type1/public/amsfonts/cm/cmti12.pfb><C:/Users/jaith/AppData/Local/Programs/Mi
KTeX/fonts/type1/public/amsfonts/cm/cmti8.pfb>
Output written on PlantillaPG.pdf (82 pages, 19715722 bytes).
PDF statistics:
 1275 PDF objects out of 1440 (max. 8388607)
 322 named destinations out of 1000 (max. 500000)
 745 words of extra memory for PDF output out of 10000 (max. 10000000)

